[2728:34900:0909/162521.598:INFO:brave\components\ntp_background_images\browser\ntp_background_images_service.cc:248] Registering NTP Sponsored Images component for IN with ID ckcgdbohephpcbegllbicpadgbifppfo
[2728:34900:0909/162521.611:WARNING:chrome\browser\chrome_browser_main_win.cc:784] Command line too long for RegisterApplicationRestart:  --allow-pre-commit-input --component-updater=url-source=https://go-updater.brave.com/extensions --disable-background-networking --disable-backgrounding-occluded-windows --disable-blink-features=AutomationControlled --disable-client-side-phishing-detection --disable-default-apps --disable-domain-reliability --disable-hang-monitor --disable-popup-blocking --disable-prompt-on-repost --enable-distillability-service --enable-dom-distiller --enable-logging --log-level=0 --lso-url=https://no-thanks.invalid --no-first-run --no-service-autorun --origin-trial-public-key=bYUKPJoPnCxeNvu72j4EmPuK7tr1PAC7SHh8ld9Mw3E=,fMS4mpO6buLQ/QMd+zJmxzty/VQ6B1EUZqoCU04zoRU= --password-store=basic --remote-debugging-port=0 --test-type=webdriver --use-mock-keychain --user-agent="Mozilla/5.0 (Windows NT 10.0; Win64; x64) AppleWebKit/537.36 (KHTML, like Gecko) Chrome/120.0.0.0 Safari/537.36" --user-data-dir="C:\Users\harir\Downloads\ALL\projects\data\browser_profile" --variations-insecure-server-url=https://variations.brave.com/seed --variations-server-url=https://variations.brave.com/seed --restore-last-session --restart
[32456:25332:0909/162521.751:INFO:third_party\webrtc\rtc_base\cpu_info.cc:75] Available number of cores: 28
[4404:14348:0909/162521.751:INFO:third_party\webrtc\rtc_base\cpu_info.cc:75] Available number of cores: 28
[34324:38868:0909/162521.827:VERBOSE1:components\viz\service\main\viz_main_impl.cc:86] VizNullHypothesis is disabled (not a warning)
[2728:34900:0909/162522.352:INFO:CONSOLE:100] "<link rel=preload> must have a valid `as` value", source: https://www.linkedin.com/uas/login?session_redirect=https%3A%2F%2Fwww.linkedin.com%2Ffeed%2F (100)
[2728:34900:0909/162522.352:INFO:CONSOLE:101] "<link rel=preload> must have a valid `as` value", source: https://www.linkedin.com/uas/login?session_redirect=https%3A%2F%2Fwww.linkedin.com%2Ffeed%2F (101)
[2728:34900:0909/162522.352:INFO:CONSOLE:102] "<link rel=preload> must have a valid `as` value", source: https://www.linkedin.com/uas/login?session_redirect=https%3A%2F%2Fwww.linkedin.com%2Ffeed%2F (102)
[2728:34900:0909/162522.352:INFO:CONSOLE:103] "<link rel=preload> must have a valid `as` value", source: https://www.linkedin.com/uas/login?session_redirect=https%3A%2F%2Fwww.linkedin.com%2Ffeed%2F (103)
[2728:34900:0909/162522.352:INFO:CONSOLE:106] "<link rel=preload> must have a valid `as` value", source: https://www.linkedin.com/uas/login?session_redirect=https%3A%2F%2Fwww.linkedin.com%2Ffeed%2F (106)
[2728:34900:0909/162522.352:INFO:CONSOLE:107] "<link rel=preload> must have a valid `as` value", source: https://www.linkedin.com/uas/login?session_redirect=https%3A%2F%2Fwww.linkedin.com%2Ffeed%2F (107)
[32456:10528:0909/162522.513:INFO:third_party\blink\renderer\modules\peerconnection\peer_connection_dependency_factory.cc:924] Running WebRTC with a combined Network and Worker thread.
[32456:10528:0909/162522.513:INFO:third_party\webrtc\media\engine\webrtc_voice_engine.cc:477] WebRtcVoiceEngine::WebRtcVoiceEngine
[32456:35876:0909/162522.513:INFO:third_party\webrtc\media\engine\webrtc_voice_engine.cc:499] WebRtcVoiceEngine::Init
[32456:35876:0909/162522.514:INFO:third_party\webrtc\media\engine\webrtc_voice_engine.cc:602] WebRtcVoiceEngine::ApplyOptions: AudioOptions {aec: 1, agc: 1, ns: 1, hf: 1, swap: 0, audio_jitter_buffer_max_packets: 200, audio_jitter_buffer_fast_accelerate: 0, audio_jitter_buffer_min_delay_ms: 0, }
[32456:10528:0909/162523.711:INFO:third_party\webrtc\media\base\codec.cc:394] Explicitly added H264 constrained baseline to list of supported formats.
[32456:35876:0909/162523.711:INFO:third_party\webrtc\pc\peer_connection_factory.cc:411] Using default network controller factory
[32456:35876:0909/162523.711:INFO:third_party\webrtc\modules\pacing\bitrate_prober.cc:54] Bandwidth probing enabled, set to inactive
[32456:35876:0909/162523.711:INFO:third_party\webrtc\modules\remote_bitrate_estimator\transport_sequence_number_feedback_generator.cc:52] Maximum interval between transport feedback RTCP messages: 250 ms
[32456:35876:0909/162523.711:INFO:third_party\webrtc\modules\remote_bitrate_estimator\aimd_rate_control.cc:88] Using aimd rate control with back off factor 0.85
[32456:35876:0909/162523.711:INFO:third_party\webrtc\modules\remote_bitrate_estimator\remote_bitrate_estimator_single_stream.cc:59] RemoteBitrateEstimatorSingleStream: Instantiating.
[32456:10528:0909/162523.712:INFO:third_party\webrtc\media\base\codec.cc:394] Explicitly added H264 constrained baseline to list of supported formats.
[32456:35876:0909/162523.712:INFO:third_party\webrtc\rtc_base\openssl_key_pair.cc:36] Making key pair
[32456:35876:0909/162523.712:INFO:third_party\webrtc\rtc_base\openssl_key_pair.cc:89] Returning key pair
[32456:35876:0909/162523.712:INFO:third_party\webrtc\rtc_base\boringssl_certificate.cc:186] Making certificate for WebRTC
[32456:35876:0909/162523.712:INFO:third_party\webrtc\rtc_base\boringssl_certificate.cc:242] Returning certificate
[32456:35876:0909/162523.897:INFO:third_party\webrtc\pc\peer_connection_factory.cc:411] Using default network controller factory
[32456:35876:0909/162523.897:INFO:third_party\webrtc\modules\pacing\bitrate_prober.cc:54] Bandwidth probing enabled, set to inactive
[32456:35876:0909/162523.897:INFO:third_party\webrtc\modules\remote_bitrate_estimator\transport_sequence_number_feedback_generator.cc:52] Maximum interval between transport feedback RTCP messages: 250 ms
[32456:35876:0909/162523.897:INFO:third_party\webrtc\modules\remote_bitrate_estimator\aimd_rate_control.cc:88] Using aimd rate control with back off factor 0.85
[32456:35876:0909/162523.897:INFO:third_party\webrtc\modules\remote_bitrate_estimator\remote_bitrate_estimator_single_stream.cc:59] RemoteBitrateEstimatorSingleStream: Instantiating.
[32456:10528:0909/162523.898:INFO:third_party\webrtc\media\base\codec.cc:394] Explicitly added H264 constrained baseline to list of supported formats.
[32456:35876:0909/162523.899:INFO:third_party\webrtc\rtc_base\openssl_key_pair.cc:36] Making key pair
[32456:35876:0909/162523.899:INFO:third_party\webrtc\rtc_base\openssl_key_pair.cc:89] Returning key pair
[32456:35876:0909/162523.899:INFO:third_party\webrtc\rtc_base\boringssl_certificate.cc:186] Making certificate for WebRTC
[32456:35876:0909/162523.899:INFO:third_party\webrtc\rtc_base\boringssl_certificate.cc:242] Returning certificate
[32456:35876:0909/162523.950:INFO:third_party\webrtc\pc\peer_connection_factory.cc:411] Using default network controller factory
[32456:35876:0909/162523.950:INFO:third_party\webrtc\modules\pacing\bitrate_prober.cc:54] Bandwidth probing enabled, set to inactive
[32456:35876:0909/162523.950:INFO:third_party\webrtc\modules\remote_bitrate_estimator\transport_sequence_number_feedback_generator.cc:52] Maximum interval between transport feedback RTCP messages: 250 ms
[32456:35876:0909/162523.950:INFO:third_party\webrtc\modules\remote_bitrate_estimator\aimd_rate_control.cc:88] Using aimd rate control with back off factor 0.85
[32456:35876:0909/162523.950:INFO:third_party\webrtc\modules\remote_bitrate_estimator\remote_bitrate_estimator_single_stream.cc:59] RemoteBitrateEstimatorSingleStream: Instantiating.
[32456:10528:0909/162523.951:INFO:third_party\webrtc\media\base\codec.cc:394] Explicitly added H264 constrained baseline to list of supported formats.
[32456:35876:0909/162523.951:INFO:third_party\webrtc\rtc_base\openssl_key_pair.cc:36] Making key pair
[32456:35876:0909/162523.951:INFO:third_party\webrtc\rtc_base\openssl_key_pair.cc:89] Returning key pair
[32456:35876:0909/162523.951:INFO:third_party\webrtc\rtc_base\boringssl_certificate.cc:186] Making certificate for WebRTC
[32456:35876:0909/162523.951:INFO:third_party\webrtc\rtc_base\boringssl_certificate.cc:242] Returning certificate
[32456:35876:0909/162523.999:INFO:third_party\webrtc\pc\peer_connection_factory.cc:411] Using default network controller factory
[32456:35876:0909/162523.999:INFO:third_party\webrtc\modules\pacing\bitrate_prober.cc:54] Bandwidth probing enabled, set to inactive
[32456:35876:0909/162523.999:INFO:third_party\webrtc\modules\remote_bitrate_estimator\transport_sequence_number_feedback_generator.cc:52] Maximum interval between transport feedback RTCP messages: 250 ms
[32456:35876:0909/162523.999:INFO:third_party\webrtc\modules\remote_bitrate_estimator\aimd_rate_control.cc:88] Using aimd rate control with back off factor 0.85
[32456:35876:0909/162523.999:INFO:third_party\webrtc\modules\remote_bitrate_estimator\remote_bitrate_estimator_single_stream.cc:59] RemoteBitrateEstimatorSingleStream: Instantiating.
[32456:10528:0909/162524.000:INFO:third_party\webrtc\media\base\codec.cc:394] Explicitly added H264 constrained baseline to list of supported formats.
[32456:35876:0909/162524.000:INFO:third_party\webrtc\rtc_base\openssl_key_pair.cc:36] Making key pair
[32456:35876:0909/162524.000:INFO:third_party\webrtc\rtc_base\openssl_key_pair.cc:89] Returning key pair
[32456:35876:0909/162524.000:INFO:third_party\webrtc\rtc_base\boringssl_certificate.cc:186] Making certificate for WebRTC
[32456:35876:0909/162524.001:INFO:third_party\webrtc\rtc_base\boringssl_certificate.cc:242] Returning certificate
[32456:35876:0909/162524.048:INFO:third_party\webrtc\pc\peer_connection_factory.cc:411] Using default network controller factory
[32456:35876:0909/162524.049:INFO:third_party\webrtc\modules\pacing\bitrate_prober.cc:54] Bandwidth probing enabled, set to inactive
[32456:35876:0909/162524.049:INFO:third_party\webrtc\modules\remote_bitrate_estimator\transport_sequence_number_feedback_generator.cc:52] Maximum interval between transport feedback RTCP messages: 250 ms
[32456:35876:0909/162524.049:INFO:third_party\webrtc\modules\remote_bitrate_estimator\aimd_rate_control.cc:88] Using aimd rate control with back off factor 0.85
[32456:35876:0909/162524.049:INFO:third_party\webrtc\modules\remote_bitrate_estimator\remote_bitrate_estimator_single_stream.cc:59] RemoteBitrateEstimatorSingleStream: Instantiating.
[32456:10528:0909/162524.049:INFO:third_party\webrtc\media\base\codec.cc:394] Explicitly added H264 constrained baseline to list of supported formats.
[32456:35876:0909/162524.050:INFO:third_party\webrtc\rtc_base\openssl_key_pair.cc:36] Making key pair
[32456:35876:0909/162524.050:INFO:third_party\webrtc\rtc_base\openssl_key_pair.cc:89] Returning key pair
[32456:35876:0909/162524.050:INFO:third_party\webrtc\rtc_base\boringssl_certificate.cc:186] Making certificate for WebRTC
[32456:35876:0909/162524.050:INFO:third_party\webrtc\rtc_base\boringssl_certificate.cc:242] Returning certificate
[32456:35876:0909/162524.111:INFO:third_party\webrtc\p2p\base\p2p_transport_channel.cc:552] Set backup connection ping interval to 25000 milliseconds.
[32456:35876:0909/162524.111:INFO:third_party\webrtc\p2p\base\p2p_transport_channel.cc:561] Set ICE receiving timeout to 2500 milliseconds
[32456:35876:0909/162524.112:INFO:third_party\webrtc\p2p\base\p2p_transport_channel.cc:568] Set ping most likely connection to 0
[32456:35876:0909/162524.112:INFO:third_party\webrtc\p2p\base\p2p_transport_channel.cc:575] Set stable_writable_connection_ping_interval to 2500
[32456:35876:0909/162524.112:INFO:third_party\webrtc\p2p\base\p2p_transport_channel.cc:588] Set presume writable when fully relayed to 0
[32456:35876:0909/162524.112:INFO:third_party\webrtc\p2p\base\p2p_transport_channel.cc:606] Set regather_on_failed_networks_interval to 300000
[32456:35876:0909/162524.112:INFO:third_party\webrtc\p2p\base\p2p_transport_channel.cc:613] Set receiving_switching_delay to 1000
[32456:35876:0909/162524.112:INFO:third_party\webrtc\pc\jsep_transport_controller.cc:1165] Creating DtlsSrtpTransport.
[32456:35876:0909/162524.112:INFO:third_party\webrtc\pc\dtls_srtp_transport.cc:72] Setting RTP Transport on 0 transport 0x1124009de680
[32456:35876:0909/162524.112:INFO:third_party\webrtc\p2p\base\p2p_transport_channel.cc:486] Set ICE ufrag: CC9e pwd: HLSAmSxIyyZfBZcu8HFt75cD on transport 0
[32456:10528:0909/162524.112:INFO:third_party\webrtc\pc\peer_connection.cc:2120] Creating data channel, mid=0
[32456:10528:0909/162524.112:INFO:third_party\webrtc\pc\sdp_offer_answer.cc:3097] Session: 5525456463132430047 Old state: stable New state: have-local-offer
[32456:35876:0909/162524.112:INFO:third_party\webrtc\p2p\client\basic_port_allocator.cc:370] Start getting ports with turn_port_prune_policy 0
[32456:35876:0909/162524.114:INFO:third_party\webrtc\p2p\base\p2p_transport_channel.cc:552] Set backup connection ping interval to 25000 milliseconds.
[32456:35876:0909/162524.114:INFO:third_party\webrtc\p2p\base\p2p_transport_channel.cc:561] Set ICE receiving timeout to 2500 milliseconds
[32456:35876:0909/162524.114:INFO:third_party\webrtc\p2p\base\p2p_transport_channel.cc:568] Set ping most likely connection to 0
[32456:35876:0909/162524.114:INFO:third_party\webrtc\p2p\base\p2p_transport_channel.cc:575] Set stable_writable_connection_ping_interval to 2500
[32456:35876:0909/162524.114:INFO:third_party\webrtc\p2p\base\p2p_transport_channel.cc:588] Set presume writable when fully relayed to 0
[32456:35876:0909/162524.114:INFO:third_party\webrtc\p2p\base\p2p_transport_channel.cc:606] Set regather_on_failed_networks_interval to 300000
[32456:35876:0909/162524.114:INFO:third_party\webrtc\p2p\base\p2p_transport_channel.cc:613] Set receiving_switching_delay to 1000
[32456:35876:0909/162524.114:INFO:third_party\webrtc\pc\jsep_transport_controller.cc:1165] Creating DtlsSrtpTransport.
[32456:35876:0909/162524.114:INFO:third_party\webrtc\pc\dtls_srtp_transport.cc:72] Setting RTP Transport on 0 transport 0x112403819e80
[32456:35876:0909/162524.114:INFO:third_party\webrtc\p2p\base\p2p_transport_channel.cc:486] Set ICE ufrag: Eo0Q pwd: lls3tArYAHxeuaihBouIsKO8 on transport 0
[32456:10528:0909/162524.114:INFO:third_party\webrtc\pc\peer_connection.cc:2120] Creating data channel, mid=0
[32456:10528:0909/162524.114:INFO:third_party\webrtc\pc\sdp_offer_answer.cc:3097] Session: 2200086198681162364 Old state: stable New state: have-local-offer
[32456:35876:0909/162524.114:INFO:third_party\webrtc\p2p\client\basic_port_allocator.cc:370] Start getting ports with turn_port_prune_policy 0
[32456:35876:0909/162524.114:INFO:third_party\webrtc\p2p\base\p2p_transport_channel.cc:552] Set backup connection ping interval to 25000 milliseconds.
[32456:35876:0909/162524.114:INFO:third_party\webrtc\p2p\base\p2p_transport_channel.cc:561] Set ICE receiving timeout to 2500 milliseconds
[32456:35876:0909/162524.114:INFO:third_party\webrtc\p2p\base\p2p_transport_channel.cc:568] Set ping most likely connection to 0
[32456:35876:0909/162524.114:INFO:third_party\webrtc\p2p\base\p2p_transport_channel.cc:575] Set stable_writable_connection_ping_interval to 2500
[32456:35876:0909/162524.114:INFO:third_party\webrtc\p2p\base\p2p_transport_channel.cc:588] Set presume writable when fully relayed to 0
[32456:35876:0909/162524.114:INFO:third_party\webrtc\p2p\base\p2p_transport_channel.cc:606] Set regather_on_failed_networks_interval to 300000
[32456:35876:0909/162524.114:INFO:third_party\webrtc\p2p\base\p2p_transport_channel.cc:613] Set receiving_switching_delay to 1000
[32456:35876:0909/162524.114:INFO:third_party\webrtc\pc\jsep_transport_controller.cc:1165] Creating DtlsSrtpTransport.
[32456:35876:0909/162524.114:INFO:third_party\webrtc\pc\dtls_srtp_transport.cc:72] Setting RTP Transport on 0 transport 0x112402982a00
[32456:35876:0909/162524.114:INFO:third_party\webrtc\p2p\base\p2p_transport_channel.cc:486] Set ICE ufrag: ZbBe pwd: NOLTOcNKtndjURKhV0V6+Rcu on transport 0
[32456:10528:0909/162524.114:INFO:third_party\webrtc\pc\peer_connection.cc:2120] Creating data channel, mid=0
[32456:10528:0909/162524.114:INFO:third_party\webrtc\pc\sdp_offer_answer.cc:3097] Session: 2718942745773076356 Old state: stable New state: have-local-offer
[32456:35876:0909/162524.114:INFO:third_party\webrtc\p2p\client\basic_port_allocator.cc:370] Start getting ports with turn_port_prune_policy 0
[32456:35876:0909/162524.115:INFO:third_party\webrtc\p2p\base\p2p_transport_channel.cc:552] Set backup connection ping interval to 25000 milliseconds.
[32456:35876:0909/162524.115:INFO:third_party\webrtc\p2p\base\p2p_transport_channel.cc:561] Set ICE receiving timeout to 2500 milliseconds
[32456:35876:0909/162524.115:INFO:third_party\webrtc\p2p\base\p2p_transport_channel.cc:568] Set ping most likely connection to 0
[32456:35876:0909/162524.115:INFO:third_party\webrtc\p2p\base\p2p_transport_channel.cc:575] Set stable_writable_connection_ping_interval to 2500
[32456:35876:0909/162524.115:INFO:third_party\webrtc\p2p\base\p2p_transport_channel.cc:588] Set presume writable when fully relayed to 0
[32456:35876:0909/162524.115:INFO:third_party\webrtc\p2p\base\p2p_transport_channel.cc:606] Set regather_on_failed_networks_interval to 300000
[32456:35876:0909/162524.115:INFO:third_party\webrtc\p2p\base\p2p_transport_channel.cc:613] Set receiving_switching_delay to 1000
[32456:35876:0909/162524.115:INFO:third_party\webrtc\pc\jsep_transport_controller.cc:1165] Creating DtlsSrtpTransport.
[32456:35876:0909/162524.115:INFO:third_party\webrtc\pc\dtls_srtp_transport.cc:72] Setting RTP Transport on 0 transport 0x11240381a200
[32456:35876:0909/162524.115:INFO:third_party\webrtc\p2p\base\p2p_transport_channel.cc:486] Set ICE ufrag: 548g pwd: HljX2mv5JENKxKmlx/3FNAmB on transport 0
[32456:10528:0909/162524.115:INFO:third_party\webrtc\pc\peer_connection.cc:2120] Creating data channel, mid=0
[32456:10528:0909/162524.116:INFO:third_party\webrtc\pc\sdp_offer_answer.cc:3097] Session: 5630305784713218775 Old state: stable New state: have-local-offer
[32456:35876:0909/162524.116:INFO:third_party\webrtc\p2p\client\basic_port_allocator.cc:370] Start getting ports with turn_port_prune_policy 0
[32456:35876:0909/162524.117:INFO:third_party\webrtc\p2p\base\p2p_transport_channel.cc:552] Set backup connection ping interval to 25000 milliseconds.
[32456:35876:0909/162524.117:INFO:third_party\webrtc\p2p\base\p2p_transport_channel.cc:561] Set ICE receiving timeout to 2500 milliseconds
[32456:35876:0909/162524.117:INFO:third_party\webrtc\p2p\base\p2p_transport_channel.cc:568] Set ping most likely connection to 0
[32456:35876:0909/162524.117:INFO:third_party\webrtc\p2p\base\p2p_transport_channel.cc:575] Set stable_writable_connection_ping_interval to 2500
[32456:35876:0909/162524.117:INFO:third_party\webrtc\p2p\base\p2p_transport_channel.cc:588] Set presume writable when fully relayed to 0
[32456:35876:0909/162524.117:INFO:third_party\webrtc\p2p\base\p2p_transport_channel.cc:606] Set regather_on_failed_networks_interval to 300000
[32456:35876:0909/162524.117:INFO:third_party\webrtc\p2p\base\p2p_transport_channel.cc:613] Set receiving_switching_delay to 1000
[32456:35876:0909/162524.117:INFO:third_party\webrtc\pc\jsep_transport_controller.cc:1165] Creating DtlsSrtpTransport.
[32456:35876:0909/162524.117:INFO:third_party\webrtc\pc\dtls_srtp_transport.cc:72] Setting RTP Transport on 0 transport 0x112403ced500
[32456:35876:0909/162524.117:INFO:third_party\webrtc\p2p\base\p2p_transport_channel.cc:486] Set ICE ufrag: 11+h pwd: xixjTcBMaoiutdgt4tdZLYDG on transport 0
[32456:10528:0909/162524.117:INFO:third_party\webrtc\pc\peer_connection.cc:2120] Creating data channel, mid=0
[32456:10528:0909/162524.117:INFO:third_party\webrtc\pc\sdp_offer_answer.cc:3097] Session: 7369186984539928302 Old state: stable New state: have-local-offer
[32456:35876:0909/162524.117:INFO:third_party\webrtc\p2p\client\basic_port_allocator.cc:370] Start getting ports with turn_port_prune_policy 0
[32456:35876:0909/162524.128:INFO:third_party\webrtc\p2p\client\basic_port_allocator.cc:810] Allocate ports on any any 
[32456:35876:0909/162524.128:INFO:third_party\webrtc\p2p\client\basic_port_allocator.cc:900] Network manager has started
[32456:35876:0909/162524.128:INFO:third_party\webrtc\p2p\client\basic_port_allocator.cc:810] Allocate ports on any any 
[32456:35876:0909/162524.128:INFO:third_party\webrtc\p2p\client\basic_port_allocator.cc:900] Network manager has started
[32456:35876:0909/162524.128:INFO:third_party\webrtc\p2p\client\basic_port_allocator.cc:810] Allocate ports on any any 
[32456:35876:0909/162524.128:INFO:third_party\webrtc\p2p\client\basic_port_allocator.cc:900] Network manager has started
[32456:35876:0909/162524.128:INFO:third_party\webrtc\p2p\client\basic_port_allocator.cc:810] Allocate ports on any any 
[32456:35876:0909/162524.128:INFO:third_party\webrtc\p2p\client\basic_port_allocator.cc:900] Network manager has started
[32456:35876:0909/162524.128:INFO:third_party\webrtc\p2p\client\basic_port_allocator.cc:810] Allocate ports on any any 
[32456:35876:0909/162524.128:INFO:third_party\webrtc\p2p\client\basic_port_allocator.cc:900] Network manager has started
[32456:35876:0909/162524.128:INFO:third_party\webrtc\p2p\client\basic_port_allocator.cc:1409] Net[any:0.0.0.x/0:Wildcard:id=0]: Allocation Phase=Udp
[32456:35876:0909/162524.128:INFO:third_party\webrtc\p2p\base\port.cc:149] Port[39e7d00::1:0:host:Net[any:0.0.0.x/0:Wildcard:id=0]]: Port created with network cost 999
[32456:35876:0909/162524.128:INFO:third_party\webrtc\p2p\client\basic_port_allocator.cc:1495] AllocationSequence: UDPPort will be handling the STUN candidate generation.
[32456:35876:0909/162524.128:INFO:third_party\webrtc\p2p\client\basic_port_allocator.cc:923] Adding allocated port for 0
[32456:35876:0909/162524.128:INFO:third_party\webrtc\p2p\client\basic_port_allocator.cc:943] Port[39e7d00:0:1:0:host:Net[any:0.0.0.x/0:Wildcard:id=0]]: Added port to allocator
[32456:35876:0909/162524.128:INFO:third_party\webrtc\p2p\client\basic_port_allocator.cc:1409] Net[any:0:0:0:x:x:x:x:x/0:Wildcard:id=0]: Allocation Phase=Udp
[32456:35876:0909/162524.128:INFO:third_party\webrtc\p2p\base\port.cc:149] Port[39e1900::1:0:host:Net[any:0:0:0:x:x:x:x:x/0:Wildcard:id=0]]: Port created with network cost 999
[32456:35876:0909/162524.128:INFO:third_party\webrtc\p2p\client\basic_port_allocator.cc:1495] AllocationSequence: UDPPort will be handling the STUN candidate generation.
[32456:35876:0909/162524.128:INFO:third_party\webrtc\p2p\client\basic_port_allocator.cc:923] Adding allocated port for 0
[32456:35876:0909/162524.128:INFO:third_party\webrtc\p2p\client\basic_port_allocator.cc:943] Port[39e1900:0:1:0:host:Net[any:0:0:0:x:x:x:x:x/0:Wildcard:id=0]]: Added port to allocator
[32456:35876:0909/162524.128:INFO:third_party\webrtc\p2p\client\basic_port_allocator.cc:1409] Net[any:0.0.0.x/0:Wildcard:id=0]: Allocation Phase=Udp
[32456:35876:0909/162524.128:INFO:third_party\webrtc\p2p\base\port.cc:149] Port[39e2d00::1:0:host:Net[any:0.0.0.x/0:Wildcard:id=0]]: Port created with network cost 999
[32456:35876:0909/162524.128:INFO:third_party\webrtc\p2p\client\basic_port_allocator.cc:1495] AllocationSequence: UDPPort will be handling the STUN candidate generation.
[32456:35876:0909/162524.128:INFO:third_party\webrtc\p2p\client\basic_port_allocator.cc:923] Adding allocated port for 0
[32456:35876:0909/162524.128:INFO:third_party\webrtc\p2p\client\basic_port_allocator.cc:943] Port[39e2d00:0:1:0:host:Net[any:0.0.0.x/0:Wildcard:id=0]]: Added port to allocator
[32456:35876:0909/162524.128:INFO:third_party\webrtc\p2p\client\basic_port_allocator.cc:1409] Net[any:0:0:0:x:x:x:x:x/0:Wildcard:id=0]: Allocation Phase=Udp
[32456:35876:0909/162524.129:INFO:third_party\webrtc\p2p\base\port.cc:149] Port[39eeb00::1:0:host:Net[any:0:0:0:x:x:x:x:x/0:Wildcard:id=0]]: Port created with network cost 999
[32456:35876:0909/162524.129:INFO:third_party\webrtc\p2p\client\basic_port_allocator.cc:1495] AllocationSequence: UDPPort will be handling the STUN candidate generation.
[32456:35876:0909/162524.129:INFO:third_party\webrtc\p2p\client\basic_port_allocator.cc:923] Adding allocated port for 0
[32456:35876:0909/162524.129:INFO:third_party\webrtc\p2p\client\basic_port_allocator.cc:943] Port[39eeb00:0:1:0:host:Net[any:0:0:0:x:x:x:x:x/0:Wildcard:id=0]]: Added port to allocator
[32456:35876:0909/162524.129:INFO:third_party\webrtc\p2p\client\basic_port_allocator.cc:1409] Net[any:0.0.0.x/0:Wildcard:id=0]: Allocation Phase=Udp
[32456:35876:0909/162524.129:INFO:third_party\webrtc\p2p\base\port.cc:149] Port[39e2300::1:0:host:Net[any:0.0.0.x/0:Wildcard:id=0]]: Port created with network cost 999
[32456:35876:0909/162524.129:INFO:third_party\webrtc\p2p\client\basic_port_allocator.cc:1495] AllocationSequence: UDPPort will be handling the STUN candidate generation.
[32456:35876:0909/162524.129:INFO:third_party\webrtc\p2p\client\basic_port_allocator.cc:923] Adding allocated port for 0
[32456:35876:0909/162524.129:INFO:third_party\webrtc\p2p\client\basic_port_allocator.cc:943] Port[39e2300:0:1:0:host:Net[any:0.0.0.x/0:Wildcard:id=0]]: Added port to allocator
[32456:35876:0909/162524.129:INFO:third_party\webrtc\p2p\client\basic_port_allocator.cc:1409] Net[any:0:0:0:x:x:x:x:x/0:Wildcard:id=0]: Allocation Phase=Udp
[32456:35876:0909/162524.129:INFO:third_party\webrtc\p2p\base\port.cc:149] Port[39e3200::1:0:host:Net[any:0:0:0:x:x:x:x:x/0:Wildcard:id=0]]: Port created with network cost 999
[32456:35876:0909/162524.129:INFO:third_party\webrtc\p2p\client\basic_port_allocator.cc:1495] AllocationSequence: UDPPort will be handling the STUN candidate generation.
[32456:35876:0909/162524.129:INFO:third_party\webrtc\p2p\client\basic_port_allocator.cc:923] Adding allocated port for 0
[32456:35876:0909/162524.129:INFO:third_party\webrtc\p2p\client\basic_port_allocator.cc:943] Port[39e3200:0:1:0:host:Net[any:0:0:0:x:x:x:x:x/0:Wildcard:id=0]]: Added port to allocator
[32456:35876:0909/162524.129:INFO:third_party\webrtc\p2p\client\basic_port_allocator.cc:1409] Net[any:0.0.0.x/0:Wildcard:id=0]: Allocation Phase=Udp
[32456:35876:0909/162524.129:INFO:third_party\webrtc\p2p\base\port.cc:149] Port[39e0f00::1:0:host:Net[any:0.0.0.x/0:Wildcard:id=0]]: Port created with network cost 999
[32456:35876:0909/162524.129:INFO:third_party\webrtc\p2p\client\basic_port_allocator.cc:1495] AllocationSequence: UDPPort will be handling the STUN candidate generation.
[32456:35876:0909/162524.129:INFO:third_party\webrtc\p2p\client\basic_port_allocator.cc:923] Adding allocated port for 0
[32456:35876:0909/162524.129:INFO:third_party\webrtc\p2p\client\basic_port_allocator.cc:943] Port[39e0f00:0:1:0:host:Net[any:0.0.0.x/0:Wildcard:id=0]]: Added port to allocator
[32456:35876:0909/162524.129:INFO:third_party\webrtc\p2p\client\basic_port_allocator.cc:1409] Net[any:0:0:0:x:x:x:x:x/0:Wildcard:id=0]: Allocation Phase=Udp
[32456:35876:0909/162524.129:INFO:third_party\webrtc\p2p\base\port.cc:149] Port[39e2800::1:0:host:Net[any:0:0:0:x:x:x:x:x/0:Wildcard:id=0]]: Port created with network cost 999
[32456:35876:0909/162524.129:INFO:third_party\webrtc\p2p\client\basic_port_allocator.cc:1495] AllocationSequence: UDPPort will be handling the STUN candidate generation.
[32456:35876:0909/162524.129:INFO:third_party\webrtc\p2p\client\basic_port_allocator.cc:923] Adding allocated port for 0
[32456:35876:0909/162524.129:INFO:third_party\webrtc\p2p\client\basic_port_allocator.cc:943] Port[39e2800:0:1:0:host:Net[any:0:0:0:x:x:x:x:x/0:Wildcard:id=0]]: Added port to allocator
[32456:35876:0909/162524.129:INFO:third_party\webrtc\p2p\client\basic_port_allocator.cc:1409] Net[any:0.0.0.x/0:Wildcard:id=0]: Allocation Phase=Udp
[32456:35876:0909/162524.129:INFO:third_party\webrtc\p2p\base\port.cc:149] Port[39e0500::1:0:host:Net[any:0.0.0.x/0:Wildcard:id=0]]: Port created with network cost 999
[32456:35876:0909/162524.129:INFO:third_party\webrtc\p2p\client\basic_port_allocator.cc:1495] AllocationSequence: UDPPort will be handling the STUN candidate generation.
[32456:35876:0909/162524.129:INFO:third_party\webrtc\p2p\client\basic_port_allocator.cc:923] Adding allocated port for 0
[32456:35876:0909/162524.129:INFO:third_party\webrtc\p2p\client\basic_port_allocator.cc:943] Port[39e0500:0:1:0:host:Net[any:0.0.0.x/0:Wildcard:id=0]]: Added port to allocator
[32456:35876:0909/162524.129:INFO:third_party\webrtc\p2p\client\basic_port_allocator.cc:1409] Net[any:0:0:0:x:x:x:x:x/0:Wildcard:id=0]: Allocation Phase=Udp
[32456:35876:0909/162524.129:INFO:third_party\webrtc\p2p\base\port.cc:149] Port[39e1400::1:0:host:Net[any:0:0:0:x:x:x:x:x/0:Wildcard:id=0]]: Port created with network cost 999
[32456:35876:0909/162524.129:INFO:third_party\webrtc\p2p\client\basic_port_allocator.cc:1495] AllocationSequence: UDPPort will be handling the STUN candidate generation.
[32456:35876:0909/162524.129:INFO:third_party\webrtc\p2p\client\basic_port_allocator.cc:923] Adding allocated port for 0
[32456:35876:0909/162524.129:INFO:third_party\webrtc\p2p\client\basic_port_allocator.cc:943] Port[39e1400:0:1:0:host:Net[any:0:0:0:x:x:x:x:x/0:Wildcard:id=0]]: Added port to allocator
[32456:35876:0909/162524.131:INFO:third_party\webrtc\p2p\base\stun_port.cc:446] Port[39e7d00:0:1:0:host:Net[any:0.0.0.x/0:Wildcard:id=0]]: Starting STUN host lookup for stun.l.google.com:19302
[32456:35876:0909/162524.131:INFO:third_party\webrtc\p2p\base\stun_port.cc:446] Port[39e1900:0:1:0:host:Net[any:0:0:0:x:x:x:x:x/0:Wildcard:id=0]]: Starting STUN host lookup for stun.l.google.com:19302
[32456:35876:0909/162524.131:INFO:third_party\webrtc\p2p\base\stun_port.cc:446] Port[39e2d00:0:1:0:host:Net[any:0.0.0.x/0:Wildcard:id=0]]: Starting STUN host lookup for stun.l.google.com:19302
[32456:35876:0909/162524.131:INFO:third_party\webrtc\p2p\base\stun_port.cc:446] Port[39eeb00:0:1:0:host:Net[any:0:0:0:x:x:x:x:x/0:Wildcard:id=0]]: Starting STUN host lookup for stun.l.google.com:19302
[32456:35876:0909/162524.131:INFO:third_party\webrtc\p2p\base\stun_port.cc:446] Port[39e2300:0:1:0:host:Net[any:0.0.0.x/0:Wildcard:id=0]]: Starting STUN host lookup for stun.l.google.com:19302
[32456:35876:0909/162524.131:INFO:third_party\webrtc\p2p\base\stun_port.cc:446] Port[39e3200:0:1:0:host:Net[any:0:0:0:x:x:x:x:x/0:Wildcard:id=0]]: Starting STUN host lookup for stun.l.google.com:19302
[32456:35876:0909/162524.131:INFO:third_party\webrtc\p2p\base\stun_port.cc:446] Port[39e0f00:0:1:0:host:Net[any:0.0.0.x/0:Wildcard:id=0]]: Starting STUN host lookup for stun.l.google.com:19302
[32456:35876:0909/162524.131:INFO:third_party\webrtc\p2p\base\stun_port.cc:446] Port[39e2800:0:1:0:host:Net[any:0:0:0:x:x:x:x:x/0:Wildcard:id=0]]: Starting STUN host lookup for stun.l.google.com:19302
[32456:35876:0909/162524.131:INFO:third_party\webrtc\p2p\base\stun_port.cc:446] Port[39e0500:0:1:0:host:Net[any:0.0.0.x/0:Wildcard:id=0]]: Starting STUN host lookup for stun.l.google.com:19302
[32456:35876:0909/162524.131:INFO:third_party\webrtc\p2p\base\stun_port.cc:446] Port[39e1400:0:1:0:host:Net[any:0:0:0:x:x:x:x:x/0:Wildcard:id=0]]: Starting STUN host lookup for stun.l.google.com:19302
[32456:35876:0909/162524.139:INFO:third_party\webrtc\p2p\client\basic_port_allocator.cc:960] Port[39e7d00:0:1:0:host:Net[any:0.0.0.x/0:Wildcard:id=0]]: Gathered candidate: Cand[:1765062348:1:udp:2113937151:1c5eef48-df89-43f6-8729-b4c50b32602b.local:49817:host::0:CC9e:HLSAmSxIyyZfBZcu8HFt75cD:0:999:0]
[32456:35876:0909/162524.139:INFO:third_party\webrtc\p2p\client\basic_port_allocator.cc:993] Port[39e7d00:0:1:0:host:Net[any:0.0.0.x/0:Wildcard:id=0]]: Port ready.
[32456:35876:0909/162524.141:INFO:third_party\webrtc\p2p\client\basic_port_allocator.cc:960] Port[39e1900:0:1:0:host:Net[any:0:0:0:x:x:x:x:x/0:Wildcard:id=0]]: Gathered candidate: Cand[:818697997:1:udp:2113939711:50b8ba1c-2c60-49a4-a216-c74a1c656c7e.local:49818:host::0:CC9e:HLSAmSxIyyZfBZcu8HFt75cD:0:999:0]
[32456:35876:0909/162524.141:INFO:third_party\webrtc\p2p\client\basic_port_allocator.cc:993] Port[39e1900:0:1:0:host:Net[any:0:0:0:x:x:x:x:x/0:Wildcard:id=0]]: Port ready.
[32456:35876:0909/162524.141:INFO:third_party\webrtc\p2p\client\basic_port_allocator.cc:960] Port[39e2d00:0:1:0:host:Net[any:0.0.0.x/0:Wildcard:id=0]]: Gathered candidate: Cand[:2280951723:1:udp:2113937151:1c5eef48-df89-43f6-8729-b4c50b32602b.local:49819:host::0:Eo0Q:lls3tArYAHxeuaihBouIsKO8:0:999:0]
[32456:35876:0909/162524.141:INFO:third_party\webrtc\p2p\client\basic_port_allocator.cc:993] Port[39e2d00:0:1:0:host:Net[any:0.0.0.x/0:Wildcard:id=0]]: Port ready.
[32456:35876:0909/162524.141:INFO:third_party\webrtc\p2p\client\basic_port_allocator.cc:960] Port[39eeb00:0:1:0:host:Net[any:0:0:0:x:x:x:x:x/0:Wildcard:id=0]]: Gathered candidate: Cand[:3725356650:1:udp:2113939711:50b8ba1c-2c60-49a4-a216-c74a1c656c7e.local:49820:host::0:Eo0Q:lls3tArYAHxeuaihBouIsKO8:0:999:0]
[32456:35876:0909/162524.141:INFO:third_party\webrtc\p2p\client\basic_port_allocator.cc:993] Port[39eeb00:0:1:0:host:Net[any:0:0:0:x:x:x:x:x/0:Wildcard:id=0]]: Port ready.
[32456:35876:0909/162524.141:INFO:third_party\webrtc\p2p\client\basic_port_allocator.cc:960] Port[39e2300:0:1:0:host:Net[any:0.0.0.x/0:Wildcard:id=0]]: Gathered candidate: Cand[:1243542293:1:udp:2113937151:1c5eef48-df89-43f6-8729-b4c50b32602b.local:49821:host::0:ZbBe:NOLTOcNKtndjURKhV0V6+Rcu:0:999:0]
[32456:35876:0909/162524.141:INFO:third_party\webrtc\p2p\client\basic_port_allocator.cc:993] Port[39e2300:0:1:0:host:Net[any:0.0.0.x/0:Wildcard:id=0]]: Port ready.
[32456:35876:0909/162524.141:INFO:third_party\webrtc\p2p\client\basic_port_allocator.cc:960] Port[39e3200:0:1:0:host:Net[any:0:0:0:x:x:x:x:x/0:Wildcard:id=0]]: Gathered candidate: Cand[:333845204:1:udp:2113939711:50b8ba1c-2c60-49a4-a216-c74a1c656c7e.local:49822:host::0:ZbBe:NOLTOcNKtndjURKhV0V6+Rcu:0:999:0]
[32456:35876:0909/162524.141:INFO:third_party\webrtc\p2p\client\basic_port_allocator.cc:993] Port[39e3200:0:1:0:host:Net[any:0:0:0:x:x:x:x:x/0:Wildcard:id=0]]: Port ready.
[32456:35876:0909/162524.141:INFO:third_party\webrtc\p2p\client\basic_port_allocator.cc:960] Port[39e0f00:0:1:0:host:Net[any:0.0.0.x/0:Wildcard:id=0]]: Gathered candidate: Cand[:1244861417:1:udp:2113937151:1c5eef48-df89-43f6-8729-b4c50b32602b.local:49823:host::0:548g:HljX2mv5JENKxKmlx/3FNAmB:0:999:0]
[32456:35876:0909/162524.141:INFO:third_party\webrtc\p2p\client\basic_port_allocator.cc:993] Port[39e0f00:0:1:0:host:Net[any:0.0.0.x/0:Wildcard:id=0]]: Port ready.
[32456:35876:0909/162524.141:INFO:third_party\webrtc\p2p\client\basic_port_allocator.cc:960] Port[39e2800:0:1:0:host:Net[any:0:0:0:x:x:x:x:x/0:Wildcard:id=0]]: Gathered candidate: Cand[:32490901:1:udp:2113939711:50b8ba1c-2c60-49a4-a216-c74a1c656c7e.local:49824:host::0:548g:HljX2mv5JENKxKmlx/3FNAmB:0:999:0]
[32456:35876:0909/162524.141:INFO:third_party\webrtc\p2p\client\basic_port_allocator.cc:993] Port[39e2800:0:1:0:host:Net[any:0:0:0:x:x:x:x:x/0:Wildcard:id=0]]: Port ready.
[32456:35876:0909/162524.141:INFO:third_party\webrtc\p2p\client\basic_port_allocator.cc:960] Port[39e0500:0:1:0:host:Net[any:0.0.0.x/0:Wildcard:id=0]]: Gathered candidate: Cand[:3913422807:1:udp:2113937151:1c5eef48-df89-43f6-8729-b4c50b32602b.local:49825:host::0:11+h:xixjTcBMaoiutdgt4tdZLYDG:0:999:0]
[32456:35876:0909/162524.141:INFO:third_party\webrtc\p2p\client\basic_port_allocator.cc:993] Port[39e0500:0:1:0:host:Net[any:0.0.0.x/0:Wildcard:id=0]]: Port ready.
[32456:35876:0909/162524.141:INFO:third_party\webrtc\p2p\client\basic_port_allocator.cc:960] Port[39e1400:0:1:0:host:Net[any:0:0:0:x:x:x:x:x/0:Wildcard:id=0]]: Gathered candidate: Cand[:91757840:1:udp:2113939711:50b8ba1c-2c60-49a4-a216-c74a1c656c7e.local:49826:host::0:11+h:xixjTcBMaoiutdgt4tdZLYDG:0:999:0]
[32456:35876:0909/162524.141:INFO:third_party\webrtc\p2p\client\basic_port_allocator.cc:993] Port[39e1400:0:1:0:host:Net[any:0:0:0:x:x:x:x:x/0:Wildcard:id=0]]: Port ready.
[2728:34900:0909/162524.154:INFO:CONSOLE:169] "[GSI_LOGGER]: Your client application may not display the Google One Tap in its default position. When FedCM becomes mandatory, One Tap only displays in the default position. Refer to the migration guide to update your code accordingly and opt-in to FedCM to test your changes. Learn more: https://developers.google.com/identity/gsi/web/guides/fedcm-migration?s=dc#layout", source: https://static.licdn.com/sc/h/aofke6z5sqc44bjlvj6yr05c8 (169)
[2728:34900:0909/162524.154:INFO:CONSOLE:169] "[GSI_LOGGER]: Your client application uses one of the Google One Tap prompt UI status methods that may stop functioning when FedCM becomes mandatory. Refer to the migration guide to update your code accordingly and opt-in to FedCM to test your changes. Learn more: https://developers.google.com/identity/gsi/web/guides/fedcm-migration?s=dc#display_moment and https://developers.google.com/identity/gsi/web/guides/fedcm-migration?s=dc#skipped_moment", source: https://static.licdn.com/sc/h/aofke6z5sqc44bjlvj6yr05c8 (169)
[2728:34900:0909/162524.154:WARNING:chrome\browser\media\prefs\capture_device_ranking.h:255] Can't initialize the value of media.audio_input.user_preference_ranking because media.default_audio_capture_device isn't registered or is empty
[2728:34900:0909/162524.154:WARNING:chrome\browser\media\prefs\capture_device_ranking.h:255] Can't initialize the value of media.video_input.user_preference_ranking because media.default_video_capture_Device isn't registered or is empty
[2728:34900:0909/162524.154:WARNING:chrome\browser\media\prefs\capture_device_ranking.h:255] Can't initialize the value of media.audio_input.user_preference_ranking because media.default_audio_capture_device isn't registered or is empty
[2728:34900:0909/162524.154:WARNING:chrome\browser\media\prefs\capture_device_ranking.h:255] Can't initialize the value of media.video_input.user_preference_ranking because media.default_video_capture_Device isn't registered or is empty
[2728:34900:0909/162524.154:WARNING:chrome\browser\media\prefs\capture_device_ranking.h:255] Can't initialize the value of media.audio_input.user_preference_ranking because media.default_audio_capture_device isn't registered or is empty
[2728:34900:0909/162524.154:WARNING:chrome\browser\media\prefs\capture_device_ranking.h:255] Can't initialize the value of media.video_input.user_preference_ranking because media.default_video_capture_Device isn't registered or is empty
[2728:34900:0909/162524.154:WARNING:chrome\browser\media\prefs\capture_device_ranking.h:255] Can't initialize the value of media.audio_input.user_preference_ranking because media.default_audio_capture_device isn't registered or is empty
[2728:34900:0909/162524.154:WARNING:chrome\browser\media\prefs\capture_device_ranking.h:255] Can't initialize the value of media.video_input.user_preference_ranking because media.default_video_capture_Device isn't registered or is empty
[2728:34900:0909/162524.154:WARNING:chrome\browser\media\prefs\capture_device_ranking.h:255] Can't initialize the value of media.audio_input.user_preference_ranking because media.default_audio_capture_device isn't registered or is empty
[2728:34900:0909/162524.154:WARNING:chrome\browser\media\prefs\capture_device_ranking.h:255] Can't initialize the value of media.video_input.user_preference_ranking because media.default_video_capture_Device isn't registered or is empty
[11752:7132:0909/162524.160:INFO:third_party\webrtc\rtc_base\cpu_info.cc:75] Available number of cores: 28
[32456:35876:0909/162524.172:INFO:third_party\webrtc\pc\peer_connection_factory.cc:411] Using default network controller factory
[32456:35876:0909/162524.172:INFO:third_party\webrtc\modules\pacing\bitrate_prober.cc:54] Bandwidth probing enabled, set to inactive
[32456:35876:0909/162524.172:INFO:third_party\webrtc\modules\remote_bitrate_estimator\transport_sequence_number_feedback_generator.cc:52] Maximum interval between transport feedback RTCP messages: 250 ms
[32456:35876:0909/162524.172:INFO:third_party\webrtc\modules\remote_bitrate_estimator\aimd_rate_control.cc:88] Using aimd rate control with back off factor 0.85
[32456:35876:0909/162524.172:INFO:third_party\webrtc\modules\remote_bitrate_estimator\remote_bitrate_estimator_single_stream.cc:59] RemoteBitrateEstimatorSingleStream: Instantiating.
[32456:10528:0909/162524.173:INFO:third_party\webrtc\media\base\codec.cc:394] Explicitly added H264 constrained baseline to list of supported formats.
[32456:35876:0909/162524.173:INFO:third_party\webrtc\rtc_base\openssl_key_pair.cc:36] Making key pair
[32456:35876:0909/162524.173:INFO:third_party\webrtc\rtc_base\openssl_key_pair.cc:89] Returning key pair
[32456:35876:0909/162524.173:INFO:third_party\webrtc\rtc_base\boringssl_certificate.cc:186] Making certificate for WebRTC
[32456:35876:0909/162524.173:INFO:third_party\webrtc\rtc_base\boringssl_certificate.cc:242] Returning certificate
[32456:35876:0909/162524.176:INFO:third_party\webrtc\p2p\base\p2p_transport_channel.cc:552] Set backup connection ping interval to 25000 milliseconds.
[32456:35876:0909/162524.176:INFO:third_party\webrtc\p2p\base\p2p_transport_channel.cc:561] Set ICE receiving timeout to 2500 milliseconds
[32456:35876:0909/162524.176:INFO:third_party\webrtc\p2p\base\p2p_transport_channel.cc:568] Set ping most likely connection to 0
[32456:35876:0909/162524.176:INFO:third_party\webrtc\p2p\base\p2p_transport_channel.cc:575] Set stable_writable_connection_ping_interval to 2500
[32456:35876:0909/162524.176:INFO:third_party\webrtc\p2p\base\p2p_transport_channel.cc:588] Set presume writable when fully relayed to 0
[32456:35876:0909/162524.176:INFO:third_party\webrtc\p2p\base\p2p_transport_channel.cc:606] Set regather_on_failed_networks_interval to 300000
[32456:35876:0909/162524.176:INFO:third_party\webrtc\p2p\base\p2p_transport_channel.cc:613] Set receiving_switching_delay to 1000
[32456:35876:0909/162524.176:INFO:third_party\webrtc\pc\jsep_transport_controller.cc:1165] Creating DtlsSrtpTransport.
[32456:35876:0909/162524.176:INFO:third_party\webrtc\pc\dtls_srtp_transport.cc:72] Setting RTP Transport on 0 transport 0x112400959f80
[32456:35876:0909/162524.176:INFO:third_party\webrtc\p2p\base\p2p_transport_channel.cc:486] Set ICE ufrag: vzTi pwd: W2sMCSFYmHpWmvz2uIQPI7z9 on transport 0
[32456:10528:0909/162524.176:INFO:third_party\webrtc\pc\peer_connection.cc:2120] Creating data channel, mid=0
[32456:10528:0909/162524.176:INFO:third_party\webrtc\pc\sdp_offer_answer.cc:3097] Session: 8262449219857441763 Old state: stable New state: have-local-offer
[32456:35876:0909/162524.176:INFO:third_party\webrtc\p2p\client\basic_port_allocator.cc:370] Start getting ports with turn_port_prune_policy 0
[2728:34900:0909/162524.179:WARNING:chrome\browser\media\prefs\capture_device_ranking.h:255] Can't initialize the value of media.audio_input.user_preference_ranking because media.default_audio_capture_device isn't registered or is empty
[2728:34900:0909/162524.179:WARNING:chrome\browser\media\prefs\capture_device_ranking.h:255] Can't initialize the value of media.video_input.user_preference_ranking because media.default_video_capture_Device isn't registered or is empty
[13916:13424:0909/162524.181:INFO:third_party\webrtc\rtc_base\cpu_info.cc:75] Available number of cores: 28
[32456:35876:0909/162524.193:INFO:third_party\webrtc\p2p\client\basic_port_allocator.cc:1409] Net[any:0.0.0.x/0:Wildcard:id=0]: Allocation Phase=Relay
[32456:35876:0909/162524.193:INFO:third_party\webrtc\p2p\client\basic_port_allocator.cc:1409] Net[any:0:0:0:x:x:x:x:x/0:Wildcard:id=0]: Allocation Phase=Relay
[32456:35876:0909/162524.193:INFO:third_party\webrtc\p2p\client\basic_port_allocator.cc:1409] Net[any:0.0.0.x/0:Wildcard:id=0]: Allocation Phase=Relay
[32456:35876:0909/162524.193:INFO:third_party\webrtc\p2p\client\basic_port_allocator.cc:1409] Net[any:0:0:0:x:x:x:x:x/0:Wildcard:id=0]: Allocation Phase=Relay
[32456:35876:0909/162524.193:INFO:third_party\webrtc\p2p\client\basic_port_allocator.cc:1409] Net[any:0.0.0.x/0:Wildcard:id=0]: Allocation Phase=Relay
[32456:35876:0909/162524.193:INFO:third_party\webrtc\p2p\client\basic_port_allocator.cc:1409] Net[any:0:0:0:x:x:x:x:x/0:Wildcard:id=0]: Allocation Phase=Relay
[32456:35876:0909/162524.193:INFO:third_party\webrtc\p2p\client\basic_port_allocator.cc:1409] Net[any:0.0.0.x/0:Wildcard:id=0]: Allocation Phase=Relay
[32456:35876:0909/162524.193:INFO:third_party\webrtc\p2p\client\basic_port_allocator.cc:1409] Net[any:0:0:0:x:x:x:x:x/0:Wildcard:id=0]: Allocation Phase=Relay
[32456:35876:0909/162524.193:INFO:third_party\webrtc\p2p\client\basic_port_allocator.cc:1409] Net[any:0.0.0.x/0:Wildcard:id=0]: Allocation Phase=Relay
[32456:35876:0909/162524.193:INFO:third_party\webrtc\p2p\client\basic_port_allocator.cc:1409] Net[any:0:0:0:x:x:x:x:x/0:Wildcard:id=0]: Allocation Phase=Relay
[32456:35876:0909/162524.195:INFO:third_party\webrtc\p2p\client\basic_port_allocator.cc:810] Allocate ports on any any 
[32456:35876:0909/162524.195:INFO:third_party\webrtc\p2p\client\basic_port_allocator.cc:900] Network manager has started
[32456:35876:0909/162524.195:INFO:third_party\webrtc\p2p\client\basic_port_allocator.cc:1409] Net[any:0.0.0.x/0:Wildcard:id=0]: Allocation Phase=Udp
[32456:35876:0909/162524.195:INFO:third_party\webrtc\p2p\base\port.cc:149] Port[29b5c00::1:0:host:Net[any:0.0.0.x/0:Wildcard:id=0]]: Port created with network cost 999
[32456:35876:0909/162524.195:INFO:third_party\webrtc\p2p\client\basic_port_allocator.cc:1495] AllocationSequence: UDPPort will be handling the STUN candidate generation.
[32456:35876:0909/162524.195:INFO:third_party\webrtc\p2p\client\basic_port_allocator.cc:923] Adding allocated port for 0
[32456:35876:0909/162524.195:INFO:third_party\webrtc\p2p\client\basic_port_allocator.cc:943] Port[29b5c00:0:1:0:host:Net[any:0.0.0.x/0:Wildcard:id=0]]: Added port to allocator
[32456:35876:0909/162524.195:INFO:third_party\webrtc\p2p\client\basic_port_allocator.cc:1409] Net[any:0:0:0:x:x:x:x:x/0:Wildcard:id=0]: Allocation Phase=Udp
[32456:35876:0909/162524.195:INFO:third_party\webrtc\p2p\base\port.cc:149] Port[29b3e00::1:0:host:Net[any:0:0:0:x:x:x:x:x/0:Wildcard:id=0]]: Port created with network cost 999
[32456:35876:0909/162524.195:INFO:third_party\webrtc\p2p\client\basic_port_allocator.cc:1495] AllocationSequence: UDPPort will be handling the STUN candidate generation.
[32456:35876:0909/162524.195:INFO:third_party\webrtc\p2p\client\basic_port_allocator.cc:923] Adding allocated port for 0
[32456:35876:0909/162524.195:INFO:third_party\webrtc\p2p\client\basic_port_allocator.cc:943] Port[29b3e00:0:1:0:host:Net[any:0:0:0:x:x:x:x:x/0:Wildcard:id=0]]: Added port to allocator
[32456:35876:0909/162524.197:INFO:third_party\webrtc\p2p\client\basic_port_allocator.cc:960] Port[39eeb00:0:1:0:host:Net[any:0:0:0:x:x:x:x:x/0:Wildcard:id=0]]: Gathered candidate: Cand[:2366526937:1:udp:1677732095:[2409:40c2:105e:x:x:x:x:x]:49820:srflx:[2409:40c2:105e:x:x:x:x:x]:49820:Eo0Q:lls3tArYAHxeuaihBouIsKO8:0:999:0]
[32456:35876:0909/162524.197:INFO:third_party\webrtc\p2p\client\basic_port_allocator.cc:1105] Port[39eeb00:0:1:0:host:Net[any:0:0:0:x:x:x:x:x/0:Wildcard:id=0]]: Port completed gathering candidates.
[32456:35876:0909/162524.197:INFO:third_party\webrtc\p2p\client\basic_port_allocator.cc:960] Port[39e2800:0:1:0:host:Net[any:0:0:0:x:x:x:x:x/0:Wildcard:id=0]]: Gathered candidate: Cand[:2957461095:1:udp:1677732095:[2409:40c2:105e:x:x:x:x:x]:49824:srflx:[2409:40c2:105e:x:x:x:x:x]:49824:548g:HljX2mv5JENKxKmlx/3FNAmB:0:999:0]
[32456:35876:0909/162524.197:INFO:third_party\webrtc\p2p\client\basic_port_allocator.cc:1105] Port[39e2800:0:1:0:host:Net[any:0:0:0:x:x:x:x:x/0:Wildcard:id=0]]: Port completed gathering candidates.
[32456:35876:0909/162524.197:INFO:third_party\webrtc\p2p\client\basic_port_allocator.cc:960] Port[39e3200:0:1:0:host:Net[any:0:0:0:x:x:x:x:x/0:Wildcard:id=0]]: Gathered candidate: Cand[:1088694631:1:udp:1677732095:[2409:40c2:105e:x:x:x:x:x]:49822:srflx:[2409:40c2:105e:x:x:x:x:x]:49822:ZbBe:NOLTOcNKtndjURKhV0V6+Rcu:0:999:0]
[32456:35876:0909/162524.197:INFO:third_party\webrtc\p2p\client\basic_port_allocator.cc:1105] Port[39e3200:0:1:0:host:Net[any:0:0:0:x:x:x:x:x/0:Wildcard:id=0]]: Port completed gathering candidates.
[32456:35876:0909/162524.197:INFO:third_party\webrtc\p2p\client\basic_port_allocator.cc:960] Port[39e0500:0:1:0:host:Net[any:0.0.0.x/0:Wildcard:id=0]]: Gathered candidate: Cand[:1938115655:1:udp:1677729535:152.58.30.x:49825:srflx:10.71.219.x:49825:11+h:xixjTcBMaoiutdgt4tdZLYDG:0:999:0]
[32456:35876:0909/162524.197:INFO:third_party\webrtc\p2p\client\basic_port_allocator.cc:1105] Port[39e0500:0:1:0:host:Net[any:0.0.0.x/0:Wildcard:id=0]]: Port completed gathering candidates.
[32456:35876:0909/162524.203:INFO:third_party\webrtc\p2p\client\basic_port_allocator.cc:960] Port[39e7d00:0:1:0:host:Net[any:0.0.0.x/0:Wildcard:id=0]]: Gathered candidate: Cand[:299667533:1:udp:1677729535:152.58.30.x:49817:srflx:10.71.219.x:49817:CC9e:HLSAmSxIyyZfBZcu8HFt75cD:0:999:0]
[32456:35876:0909/162524.203:INFO:third_party\webrtc\p2p\client\basic_port_allocator.cc:1105] Port[39e7d00:0:1:0:host:Net[any:0.0.0.x/0:Wildcard:id=0]]: Port completed gathering candidates.
[32456:35876:0909/162524.204:INFO:third_party\webrtc\p2p\client\basic_port_allocator.cc:960] Port[39e0f00:0:1:0:host:Net[any:0.0.0.x/0:Wildcard:id=0]]: Gathered candidate: Cand[:2782671009:1:udp:1677729535:152.58.30.x:63428:srflx:10.71.219.x:49823:548g:HljX2mv5JENKxKmlx/3FNAmB:0:999:0]
[32456:35876:0909/162524.204:INFO:third_party\webrtc\p2p\client\basic_port_allocator.cc:1105] Port[39e0f00:0:1:0:host:Net[any:0.0.0.x/0:Wildcard:id=0]]: Port completed gathering candidates.
[32456:35876:0909/162524.204:INFO:third_party\webrtc\p2p\client\basic_port_allocator.cc:960] Port[39e1400:0:1:0:host:Net[any:0:0:0:x:x:x:x:x/0:Wildcard:id=0]]: Gathered candidate: Cand[:1464073501:1:udp:1677732095:[2409:40c2:105e:x:x:x:x:x]:49826:srflx:[2409:40c2:105e:x:x:x:x:x]:49826:11+h:xixjTcBMaoiutdgt4tdZLYDG:0:999:0]
[32456:35876:0909/162524.204:INFO:third_party\webrtc\p2p\client\basic_port_allocator.cc:1105] Port[39e1400:0:1:0:host:Net[any:0:0:0:x:x:x:x:x/0:Wildcard:id=0]]: Port completed gathering candidates.
[32456:35876:0909/162524.204:INFO:third_party\webrtc\p2p\client\basic_port_allocator.cc:960] Port[39e2d00:0:1:0:host:Net[any:0.0.0.x/0:Wildcard:id=0]]: Gathered candidate: Cand[:4280068394:1:udp:1677729535:152.58.30.x:49819:srflx:10.71.219.x:49819:Eo0Q:lls3tArYAHxeuaihBouIsKO8:0:999:0]
[32456:35876:0909/162524.204:INFO:third_party\webrtc\p2p\client\basic_port_allocator.cc:1105] Port[39e2d00:0:1:0:host:Net[any:0.0.0.x/0:Wildcard:id=0]]: Port completed gathering candidates.
[32456:35876:0909/162524.204:INFO:third_party\webrtc\p2p\client\basic_port_allocator.cc:960] Port[39e2300:0:1:0:host:Net[any:0.0.0.x/0:Wildcard:id=0]]: Gathered candidate: Cand[:855037332:1:udp:1677729535:152.58.30.x:49821:srflx:10.71.219.x:49821:ZbBe:NOLTOcNKtndjURKhV0V6+Rcu:0:999:0]
[32456:35876:0909/162524.204:INFO:third_party\webrtc\p2p\client\basic_port_allocator.cc:1105] Port[39e2300:0:1:0:host:Net[any:0.0.0.x/0:Wildcard:id=0]]: Port completed gathering candidates.
[32456:35876:0909/162524.204:INFO:third_party\webrtc\p2p\client\basic_port_allocator.cc:960] Port[39e1900:0:1:0:host:Net[any:0:0:0:x:x:x:x:x/0:Wildcard:id=0]]: Gathered candidate: Cand[:1674472638:1:udp:1677732095:[2409:40c2:105e:x:x:x:x:x]:49818:srflx:[2409:40c2:105e:x:x:x:x:x]:49818:CC9e:HLSAmSxIyyZfBZcu8HFt75cD:0:999:0]
[32456:35876:0909/162524.204:INFO:third_party\webrtc\p2p\client\basic_port_allocator.cc:1105] Port[39e1900:0:1:0:host:Net[any:0:0:0:x:x:x:x:x/0:Wildcard:id=0]]: Port completed gathering candidates.
[32456:35876:0909/162524.220:INFO:third_party\webrtc\p2p\base\stun_port.cc:446] Port[29b5c00:0:1:0:host:Net[any:0.0.0.x/0:Wildcard:id=0]]: Starting STUN host lookup for stun.l.google.com:19302
[32456:35876:0909/162524.220:INFO:third_party\webrtc\p2p\base\stun_port.cc:446] Port[29b3e00:0:1:0:host:Net[any:0:0:0:x:x:x:x:x/0:Wildcard:id=0]]: Starting STUN host lookup for stun.l.google.com:19302
[32456:35876:0909/162524.221:INFO:third_party\webrtc\p2p\client\basic_port_allocator.cc:960] Port[29b5c00:0:1:0:host:Net[any:0.0.0.x/0:Wildcard:id=0]]: Gathered candidate: Cand[:3525443791:1:udp:2113937151:1c5eef48-df89-43f6-8729-b4c50b32602b.local:50205:host::0:vzTi:W2sMCSFYmHpWmvz2uIQPI7z9:0:999:0]
[32456:35876:0909/162524.221:INFO:third_party\webrtc\p2p\client\basic_port_allocator.cc:993] Port[29b5c00:0:1:0:host:Net[any:0.0.0.x/0:Wildcard:id=0]]: Port ready.
[32456:35876:0909/162524.221:INFO:third_party\webrtc\p2p\client\basic_port_allocator.cc:960] Port[29b3e00:0:1:0:host:Net[any:0:0:0:x:x:x:x:x/0:Wildcard:id=0]]: Gathered candidate: Cand[:1041762824:1:udp:2113939711:50b8ba1c-2c60-49a4-a216-c74a1c656c7e.local:50206:host::0:vzTi:W2sMCSFYmHpWmvz2uIQPI7z9:0:999:0]
[32456:35876:0909/162524.221:INFO:third_party\webrtc\p2p\client\basic_port_allocator.cc:993] Port[29b3e00:0:1:0:host:Net[any:0:0:0:x:x:x:x:x/0:Wildcard:id=0]]: Port ready.
[40668:5436:0909/162524.233:INFO:third_party\webrtc\rtc_base\cpu_info.cc:75] Available number of cores: 28
[32456:35876:0909/162524.247:INFO:third_party\webrtc\p2p\client\basic_port_allocator.cc:960] Port[29b5c00:0:1:0:host:Net[any:0.0.0.x/0:Wildcard:id=0]]: Gathered candidate: Cand[:1222990687:1:udp:1677729535:152.58.30.x:50205:srflx:10.71.219.x:50205:vzTi:W2sMCSFYmHpWmvz2uIQPI7z9:0:999:0]
[32456:35876:0909/162524.247:INFO:third_party\webrtc\p2p\client\basic_port_allocator.cc:1105] Port[29b5c00:0:1:0:host:Net[any:0.0.0.x/0:Wildcard:id=0]]: Port completed gathering candidates.
[32456:35876:0909/162524.247:INFO:third_party\webrtc\p2p\client\basic_port_allocator.cc:1409] Net[any:0.0.0.x/0:Wildcard:id=0]: Allocation Phase=Tcp
[32456:35876:0909/162524.247:INFO:third_party\webrtc\p2p\base\port.cc:149] Port[21e3400::1:0:host:Net[any:0.0.0.x/0:Wildcard:id=0]]: Port created with network cost 999
[32456:35876:0909/162524.247:INFO:third_party\webrtc\p2p\client\basic_port_allocator.cc:923] Adding allocated port for 0
[32456:35876:0909/162524.247:INFO:third_party\webrtc\p2p\client\basic_port_allocator.cc:943] Port[21e3400:0:1:0:host:Net[any:0.0.0.x/0:Wildcard:id=0]]: Added port to allocator
[32456:35876:0909/162524.247:INFO:third_party\webrtc\p2p\base\tcp_port.cc:184] Port[21e3400:0:1:0:host:Net[any:0.0.0.x/0:Wildcard:id=0]]: Not listening due to firewall restrictions.
[32456:35876:0909/162524.247:INFO:third_party\webrtc\p2p\client\basic_port_allocator.cc:1409] Net[any:0:0:0:x:x:x:x:x/0:Wildcard:id=0]: Allocation Phase=Tcp
[32456:35876:0909/162524.247:INFO:third_party\webrtc\p2p\base\port.cc:149] Port[29ed800::1:0:host:Net[any:0:0:0:x:x:x:x:x/0:Wildcard:id=0]]: Port created with network cost 999
[32456:35876:0909/162524.247:INFO:third_party\webrtc\p2p\client\basic_port_allocator.cc:923] Adding allocated port for 0
[32456:35876:0909/162524.247:INFO:third_party\webrtc\p2p\client\basic_port_allocator.cc:943] Port[29ed800:0:1:0:host:Net[any:0:0:0:x:x:x:x:x/0:Wildcard:id=0]]: Added port to allocator
[32456:35876:0909/162524.247:INFO:third_party\webrtc\p2p\base\tcp_port.cc:184] Port[29ed800:0:1:0:host:Net[any:0:0:0:x:x:x:x:x/0:Wildcard:id=0]]: Not listening due to firewall restrictions.
[32456:35876:0909/162524.247:INFO:third_party\webrtc\p2p\client\basic_port_allocator.cc:1409] Net[any:0.0.0.x/0:Wildcard:id=0]: Allocation Phase=Tcp
[32456:35876:0909/162524.247:INFO:third_party\webrtc\p2p\base\port.cc:149] Port[3aad400::1:0:host:Net[any:0.0.0.x/0:Wildcard:id=0]]: Port created with network cost 999
[32456:35876:0909/162524.247:INFO:third_party\webrtc\p2p\client\basic_port_allocator.cc:923] Adding allocated port for 0
[32456:35876:0909/162524.247:INFO:third_party\webrtc\p2p\client\basic_port_allocator.cc:943] Port[3aad400:0:1:0:host:Net[any:0.0.0.x/0:Wildcard:id=0]]: Added port to allocator
[32456:35876:0909/162524.247:INFO:third_party\webrtc\p2p\base\tcp_port.cc:184] Port[3aad400:0:1:0:host:Net[any:0.0.0.x/0:Wildcard:id=0]]: Not listening due to firewall restrictions.
[32456:35876:0909/162524.247:INFO:third_party\webrtc\p2p\client\basic_port_allocator.cc:1409] Net[any:0:0:0:x:x:x:x:x/0:Wildcard:id=0]: Allocation Phase=Tcp
[32456:35876:0909/162524.247:INFO:third_party\webrtc\p2p\base\port.cc:149] Port[21e3800::1:0:host:Net[any:0:0:0:x:x:x:x:x/0:Wildcard:id=0]]: Port created with network cost 999
[32456:35876:0909/162524.247:INFO:third_party\webrtc\p2p\client\basic_port_allocator.cc:923] Adding allocated port for 0
[32456:35876:0909/162524.247:INFO:third_party\webrtc\p2p\client\basic_port_allocator.cc:943] Port[21e3800:0:1:0:host:Net[any:0:0:0:x:x:x:x:x/0:Wildcard:id=0]]: Added port to allocator
[32456:35876:0909/162524.247:INFO:third_party\webrtc\p2p\base\tcp_port.cc:184] Port[21e3800:0:1:0:host:Net[any:0:0:0:x:x:x:x:x/0:Wildcard:id=0]]: Not listening due to firewall restrictions.
[32456:35876:0909/162524.247:INFO:third_party\webrtc\p2p\client\basic_port_allocator.cc:1409] Net[any:0.0.0.x/0:Wildcard:id=0]: Allocation Phase=Tcp
[32456:35876:0909/162524.247:INFO:third_party\webrtc\p2p\base\port.cc:149] Port[3aadc00::1:0:host:Net[any:0.0.0.x/0:Wildcard:id=0]]: Port created with network cost 999
[32456:35876:0909/162524.247:INFO:third_party\webrtc\p2p\client\basic_port_allocator.cc:923] Adding allocated port for 0
[32456:35876:0909/162524.247:INFO:third_party\webrtc\p2p\client\basic_port_allocator.cc:943] Port[3aadc00:0:1:0:host:Net[any:0.0.0.x/0:Wildcard:id=0]]: Added port to allocator
[32456:35876:0909/162524.247:INFO:third_party\webrtc\p2p\base\tcp_port.cc:184] Port[3aadc00:0:1:0:host:Net[any:0.0.0.x/0:Wildcard:id=0]]: Not listening due to firewall restrictions.
[32456:35876:0909/162524.247:INFO:third_party\webrtc\p2p\client\basic_port_allocator.cc:1409] Net[any:0:0:0:x:x:x:x:x/0:Wildcard:id=0]: Allocation Phase=Tcp
[32456:35876:0909/162524.247:INFO:third_party\webrtc\p2p\base\port.cc:149] Port[3aad800::1:0:host:Net[any:0:0:0:x:x:x:x:x/0:Wildcard:id=0]]: Port created with network cost 999
[32456:35876:0909/162524.247:INFO:third_party\webrtc\p2p\client\basic_port_allocator.cc:923] Adding allocated port for 0
[32456:35876:0909/162524.247:INFO:third_party\webrtc\p2p\client\basic_port_allocator.cc:943] Port[3aad800:0:1:0:host:Net[any:0:0:0:x:x:x:x:x/0:Wildcard:id=0]]: Added port to allocator
[32456:35876:0909/162524.247:INFO:third_party\webrtc\p2p\base\tcp_port.cc:184] Port[3aad800:0:1:0:host:Net[any:0:0:0:x:x:x:x:x/0:Wildcard:id=0]]: Not listening due to firewall restrictions.
[32456:35876:0909/162524.247:INFO:third_party\webrtc\p2p\client\basic_port_allocator.cc:1409] Net[any:0.0.0.x/0:Wildcard:id=0]: Allocation Phase=Tcp
[32456:35876:0909/162524.247:INFO:third_party\webrtc\p2p\base\port.cc:149] Port[3aae400::1:0:host:Net[any:0.0.0.x/0:Wildcard:id=0]]: Port created with network cost 999
[32456:35876:0909/162524.247:INFO:third_party\webrtc\p2p\client\basic_port_allocator.cc:923] Adding allocated port for 0
[32456:35876:0909/162524.247:INFO:third_party\webrtc\p2p\client\basic_port_allocator.cc:943] Port[3aae400:0:1:0:host:Net[any:0.0.0.x/0:Wildcard:id=0]]: Added port to allocator
[32456:35876:0909/162524.247:INFO:third_party\webrtc\p2p\base\tcp_port.cc:184] Port[3aae400:0:1:0:host:Net[any:0.0.0.x/0:Wildcard:id=0]]: Not listening due to firewall restrictions.
[32456:35876:0909/162524.247:INFO:third_party\webrtc\p2p\client\basic_port_allocator.cc:1409] Net[any:0:0:0:x:x:x:x:x/0:Wildcard:id=0]: Allocation Phase=Tcp
[32456:35876:0909/162524.247:INFO:third_party\webrtc\p2p\base\port.cc:149] Port[3aae000::1:0:host:Net[any:0:0:0:x:x:x:x:x/0:Wildcard:id=0]]: Port created with network cost 999
[32456:35876:0909/162524.247:INFO:third_party\webrtc\p2p\client\basic_port_allocator.cc:923] Adding allocated port for 0
[32456:35876:0909/162524.247:INFO:third_party\webrtc\p2p\client\basic_port_allocator.cc:943] Port[3aae000:0:1:0:host:Net[any:0:0:0:x:x:x:x:x/0:Wildcard:id=0]]: Added port to allocator
[32456:35876:0909/162524.247:INFO:third_party\webrtc\p2p\base\tcp_port.cc:184] Port[3aae000:0:1:0:host:Net[any:0:0:0:x:x:x:x:x/0:Wildcard:id=0]]: Not listening due to firewall restrictions.
[32456:35876:0909/162524.247:INFO:third_party\webrtc\p2p\client\basic_port_allocator.cc:1409] Net[any:0.0.0.x/0:Wildcard:id=0]: Allocation Phase=Tcp
[32456:35876:0909/162524.247:INFO:third_party\webrtc\p2p\base\port.cc:149] Port[3aaec00::1:0:host:Net[any:0.0.0.x/0:Wildcard:id=0]]: Port created with network cost 999
[32456:35876:0909/162524.247:INFO:third_party\webrtc\p2p\client\basic_port_allocator.cc:923] Adding allocated port for 0
[32456:35876:0909/162524.247:INFO:third_party\webrtc\p2p\client\basic_port_allocator.cc:943] Port[3aaec00:0:1:0:host:Net[any:0.0.0.x/0:Wildcard:id=0]]: Added port to allocator
[32456:35876:0909/162524.247:INFO:third_party\webrtc\p2p\base\tcp_port.cc:184] Port[3aaec00:0:1:0:host:Net[any:0.0.0.x/0:Wildcard:id=0]]: Not listening due to firewall restrictions.
[32456:35876:0909/162524.247:INFO:third_party\webrtc\p2p\client\basic_port_allocator.cc:1409] Net[any:0:0:0:x:x:x:x:x/0:Wildcard:id=0]: Allocation Phase=Tcp
[32456:35876:0909/162524.247:INFO:third_party\webrtc\p2p\base\port.cc:149] Port[3aae800::1:0:host:Net[any:0:0:0:x:x:x:x:x/0:Wildcard:id=0]]: Port created with network cost 999
[32456:35876:0909/162524.247:INFO:third_party\webrtc\p2p\client\basic_port_allocator.cc:923] Adding allocated port for 0
[32456:35876:0909/162524.247:INFO:third_party\webrtc\p2p\client\basic_port_allocator.cc:943] Port[3aae800:0:1:0:host:Net[any:0:0:0:x:x:x:x:x/0:Wildcard:id=0]]: Added port to allocator
[32456:35876:0909/162524.247:INFO:third_party\webrtc\p2p\base\tcp_port.cc:184] Port[3aae800:0:1:0:host:Net[any:0:0:0:x:x:x:x:x/0:Wildcard:id=0]]: Not listening due to firewall restrictions.
[32456:35876:0909/162524.247:INFO:third_party\webrtc\p2p\client\basic_port_allocator.cc:960] Port[21e3400:0:1:0:host:Net[any:0.0.0.x/0:Wildcard:id=0]]: Gathered candidate: Cand[:1939655356:1:tcp:1509957375:614b3939-2776-4332-8593-691f8919c737.local:9:host::0:CC9e:HLSAmSxIyyZfBZcu8HFt75cD:0:999:0]
[32456:35876:0909/162524.247:INFO:third_party\webrtc\p2p\client\basic_port_allocator.cc:993] Port[21e3400:0:1:0:host:Net[any:0.0.0.x/0:Wildcard:id=0]]: Port ready.
[32456:35876:0909/162524.247:INFO:third_party\webrtc\p2p\client\basic_port_allocator.cc:1004] Discarding candidate because it doesn't match filter.
[32456:35876:0909/162524.247:INFO:third_party\webrtc\p2p\client\basic_port_allocator.cc:1105] Port[21e3400:0:1:0:host:Net[any:0.0.0.x/0:Wildcard:id=0]]: Port completed gathering candidates.
[32456:35876:0909/162524.247:INFO:third_party\webrtc\p2p\client\basic_port_allocator.cc:960] Port[29ed800:0:1:0:host:Net[any:0:0:0:x:x:x:x:x/0:Wildcard:id=0]]: Gathered candidate: Cand[:1546592891:1:tcp:1509949951:0a94c6f7-e73d-4b8c-a910-8b00edda53b4.local:9:host::0:CC9e:HLSAmSxIyyZfBZcu8HFt75cD:0:999:0]
[32456:35876:0909/162524.247:INFO:third_party\webrtc\p2p\client\basic_port_allocator.cc:993] Port[29ed800:0:1:0:host:Net[any:0:0:0:x:x:x:x:x/0:Wildcard:id=0]]: Port ready.
[32456:35876:0909/162524.247:INFO:third_party\webrtc\p2p\client\basic_port_allocator.cc:1004] Discarding candidate because it doesn't match filter.
[32456:35876:0909/162524.247:INFO:third_party\webrtc\p2p\client\basic_port_allocator.cc:1105] Port[29ed800:0:1:0:host:Net[any:0:0:0:x:x:x:x:x/0:Wildcard:id=0]]: Port completed gathering candidates.
[32456:35876:0909/162524.247:INFO:third_party\webrtc\p2p\client\basic_port_allocator.cc:1179] All candidates gathered for 0:1:0
[32456:35876:0909/162524.247:INFO:third_party\webrtc\p2p\base\p2p_transport_channel.cc:970] P2PTransportChannel: 0, component 1 gathering complete
[32456:35876:0909/162524.247:INFO:third_party\webrtc\p2p\client\basic_port_allocator.cc:960] Port[3aad400:0:1:0:host:Net[any:0.0.0.x/0:Wildcard:id=0]]: Gathered candidate: Cand[:2640114651:1:tcp:1509957375:614b3939-2776-4332-8593-691f8919c737.local:9:host::0:Eo0Q:lls3tArYAHxeuaihBouIsKO8:0:999:0]
[32456:35876:0909/162524.248:INFO:third_party\webrtc\p2p\client\basic_port_allocator.cc:993] Port[3aad400:0:1:0:host:Net[any:0.0.0.x/0:Wildcard:id=0]]: Port ready.
[32456:35876:0909/162524.248:INFO:third_party\webrtc\p2p\client\basic_port_allocator.cc:1004] Discarding candidate because it doesn't match filter.
[32456:35876:0909/162524.248:INFO:third_party\webrtc\p2p\client\basic_port_allocator.cc:1105] Port[3aad400:0:1:0:host:Net[any:0.0.0.x/0:Wildcard:id=0]]: Port completed gathering candidates.
[32456:35876:0909/162524.248:INFO:third_party\webrtc\p2p\client\basic_port_allocator.cc:960] Port[21e3800:0:1:0:host:Net[any:0:0:0:x:x:x:x:x/0:Wildcard:id=0]]: Gathered candidate: Cand[:3002014492:1:tcp:1509949951:0a94c6f7-e73d-4b8c-a910-8b00edda53b4.local:9:host::0:Eo0Q:lls3tArYAHxeuaihBouIsKO8:0:999:0]
[32456:35876:0909/162524.248:INFO:third_party\webrtc\p2p\client\basic_port_allocator.cc:993] Port[21e3800:0:1:0:host:Net[any:0:0:0:x:x:x:x:x/0:Wildcard:id=0]]: Port ready.
[32456:35876:0909/162524.248:INFO:third_party\webrtc\p2p\client\basic_port_allocator.cc:1004] Discarding candidate because it doesn't match filter.
[32456:35876:0909/162524.248:INFO:third_party\webrtc\p2p\client\basic_port_allocator.cc:1105] Port[21e3800:0:1:0:host:Net[any:0:0:0:x:x:x:x:x/0:Wildcard:id=0]]: Port completed gathering candidates.
[32456:35876:0909/162524.248:INFO:third_party\webrtc\p2p\client\basic_port_allocator.cc:1179] All candidates gathered for 0:1:0
[32456:35876:0909/162524.248:INFO:third_party\webrtc\p2p\base\p2p_transport_channel.cc:970] P2PTransportChannel: 0, component 1 gathering complete
[32456:35876:0909/162524.248:INFO:third_party\webrtc\p2p\client\basic_port_allocator.cc:960] Port[3aadc00:0:1:0:host:Net[any:0.0.0.x/0:Wildcard:id=0]]: Gathered candidate: Cand[:1354141541:1:tcp:1509957375:614b3939-2776-4332-8593-691f8919c737.local:9:host::0:ZbBe:NOLTOcNKtndjURKhV0V6+Rcu:0:999:0]
[32456:35876:0909/162524.248:INFO:third_party\webrtc\p2p\client\basic_port_allocator.cc:993] Port[3aadc00:0:1:0:host:Net[any:0.0.0.x/0:Wildcard:id=0]]: Port ready.
[32456:35876:0909/162524.248:INFO:third_party\webrtc\p2p\client\basic_port_allocator.cc:1004] Discarding candidate because it doesn't match filter.
[32456:35876:0909/162524.248:INFO:third_party\webrtc\p2p\client\basic_port_allocator.cc:1105] Port[3aadc00:0:1:0:host:Net[any:0.0.0.x/0:Wildcard:id=0]]: Port completed gathering candidates.
[32456:35876:0909/162524.248:INFO:third_party\webrtc\p2p\client\basic_port_allocator.cc:960] Port[3aad800:0:1:0:host:Net[any:0:0:0:x:x:x:x:x/0:Wildcard:id=0]]: Gathered candidate: Cand[:2131060642:1:tcp:1509949951:0a94c6f7-e73d-4b8c-a910-8b00edda53b4.local:9:host::0:ZbBe:NOLTOcNKtndjURKhV0V6+Rcu:0:999:0]
[32456:35876:0909/162524.248:INFO:third_party\webrtc\p2p\client\basic_port_allocator.cc:993] Port[3aad800:0:1:0:host:Net[any:0:0:0:x:x:x:x:x/0:Wildcard:id=0]]: Port ready.
[32456:35876:0909/162524.248:INFO:third_party\webrtc\p2p\client\basic_port_allocator.cc:1004] Discarding candidate because it doesn't match filter.
[32456:35876:0909/162524.248:INFO:third_party\webrtc\p2p\client\basic_port_allocator.cc:1105] Port[3aad800:0:1:0:host:Net[any:0:0:0:x:x:x:x:x/0:Wildcard:id=0]]: Port completed gathering candidates.
[32456:35876:0909/162524.248:INFO:third_party\webrtc\p2p\client\basic_port_allocator.cc:1179] All candidates gathered for 0:1:0
[32456:35876:0909/162524.248:INFO:third_party\webrtc\p2p\base\p2p_transport_channel.cc:970] P2PTransportChannel: 0, component 1 gathering complete
[32456:35876:0909/162524.248:INFO:third_party\webrtc\p2p\client\basic_port_allocator.cc:960] Port[3aae400:0:1:0:host:Net[any:0.0.0.x/0:Wildcard:id=0]]: Gathered candidate: Cand[:949690109:1:tcp:1509957375:614b3939-2776-4332-8593-691f8919c737.local:9:host::0:548g:HljX2mv5JENKxKmlx/3FNAmB:0:999:0]
[32456:35876:0909/162524.248:INFO:third_party\webrtc\p2p\client\basic_port_allocator.cc:993] Port[3aae400:0:1:0:host:Net[any:0.0.0.x/0:Wildcard:id=0]]: Port ready.
[32456:35876:0909/162524.248:INFO:third_party\webrtc\p2p\client\basic_port_allocator.cc:1004] Discarding candidate because it doesn't match filter.
[32456:35876:0909/162524.248:INFO:third_party\webrtc\p2p\client\basic_port_allocator.cc:1105] Port[3aae400:0:1:0:host:Net[any:0.0.0.x/0:Wildcard:id=0]]: Port completed gathering candidates.
[32456:35876:0909/162524.248:INFO:third_party\webrtc\p2p\client\basic_port_allocator.cc:960] Port[3aae000:0:1:0:host:Net[any:0:0:0:x:x:x:x:x/0:Wildcard:id=0]]: Gathered candidate: Cand[:3826212545:1:tcp:1509949951:0a94c6f7-e73d-4b8c-a910-8b00edda53b4.local:9:host::0:548g:HljX2mv5JENKxKmlx/3FNAmB:0:999:0]
[32456:35876:0909/162524.248:INFO:third_party\webrtc\p2p\client\basic_port_allocator.cc:993] Port[3aae000:0:1:0:host:Net[any:0:0:0:x:x:x:x:x/0:Wildcard:id=0]]: Port ready.
[32456:35876:0909/162524.248:INFO:third_party\webrtc\p2p\client\basic_port_allocator.cc:1004] Discarding candidate because it doesn't match filter.
[32456:35876:0909/162524.248:INFO:third_party\webrtc\p2p\client\basic_port_allocator.cc:1105] Port[3aae000:0:1:0:host:Net[any:0:0:0:x:x:x:x:x/0:Wildcard:id=0]]: Port completed gathering candidates.
[32456:35876:0909/162524.248:INFO:third_party\webrtc\p2p\client\basic_port_allocator.cc:1179] All candidates gathered for 0:1:0
[32456:35876:0909/162524.248:INFO:third_party\webrtc\p2p\base\p2p_transport_channel.cc:970] P2PTransportChannel: 0, component 1 gathering complete
[32456:35876:0909/162524.248:INFO:third_party\webrtc\p2p\client\basic_port_allocator.cc:960] Port[3aaec00:0:1:0:host:Net[any:0.0.0.x/0:Wildcard:id=0]]: Gathered candidate: Cand[:3109932695:1:tcp:1509957375:614b3939-2776-4332-8593-691f8919c737.local:9:host::0:11+h:xixjTcBMaoiutdgt4tdZLYDG:0:999:0]
[32456:35876:0909/162524.248:INFO:third_party\webrtc\p2p\client\basic_port_allocator.cc:993] Port[3aaec00:0:1:0:host:Net[any:0.0.0.x/0:Wildcard:id=0]]: Port ready.
[32456:35876:0909/162524.248:INFO:third_party\webrtc\p2p\client\basic_port_allocator.cc:1004] Discarding candidate because it doesn't match filter.
[32456:35876:0909/162524.248:INFO:third_party\webrtc\p2p\client\basic_port_allocator.cc:1105] Port[3aaec00:0:1:0:host:Net[any:0.0.0.x/0:Wildcard:id=0]]: Port completed gathering candidates.
[32456:35876:0909/162524.248:INFO:third_party\webrtc\p2p\client\basic_port_allocator.cc:960] Port[3aae800:0:1:0:host:Net[any:0:0:0:x:x:x:x:x/0:Wildcard:id=0]]: Gathered candidate: Cand[:3161598572:1:tcp:1509949951:0a94c6f7-e73d-4b8c-a910-8b00edda53b4.local:9:host::0:11+h:xixjTcBMaoiutdgt4tdZLYDG:0:999:0]
[32456:35876:0909/162524.248:INFO:third_party\webrtc\p2p\client\basic_port_allocator.cc:993] Port[3aae800:0:1:0:host:Net[any:0:0:0:x:x:x:x:x/0:Wildcard:id=0]]: Port ready.
[32456:35876:0909/162524.248:INFO:third_party\webrtc\p2p\client\basic_port_allocator.cc:1004] Discarding candidate because it doesn't match filter.
[32456:35876:0909/162524.248:INFO:third_party\webrtc\p2p\client\basic_port_allocator.cc:1105] Port[3aae800:0:1:0:host:Net[any:0:0:0:x:x:x:x:x/0:Wildcard:id=0]]: Port completed gathering candidates.
[32456:35876:0909/162524.248:INFO:third_party\webrtc\p2p\client\basic_port_allocator.cc:1179] All candidates gathered for 0:1:0
[32456:35876:0909/162524.248:INFO:third_party\webrtc\p2p\base\p2p_transport_channel.cc:970] P2PTransportChannel: 0, component 1 gathering complete
[32456:35876:0909/162524.265:INFO:third_party\webrtc\p2p\client\basic_port_allocator.cc:960] Port[29b3e00:0:1:0:host:Net[any:0:0:0:x:x:x:x:x/0:Wildcard:id=0]]: Gathered candidate: Cand[:1814292997:1:udp:1677732095:[2409:40c2:105e:x:x:x:x:x]:50206:srflx:[2409:40c2:105e:x:x:x:x:x]:50206:vzTi:W2sMCSFYmHpWmvz2uIQPI7z9:0:999:0]
[32456:35876:0909/162524.265:INFO:third_party\webrtc\p2p\client\basic_port_allocator.cc:1105] Port[29b3e00:0:1:0:host:Net[any:0:0:0:x:x:x:x:x/0:Wildcard:id=0]]: Port completed gathering candidates.
[32456:35876:0909/162524.265:INFO:third_party\webrtc\p2p\client\basic_port_allocator.cc:1409] Net[any:0.0.0.x/0:Wildcard:id=0]: Allocation Phase=Relay
[32456:35876:0909/162524.265:INFO:third_party\webrtc\p2p\client\basic_port_allocator.cc:1409] Net[any:0:0:0:x:x:x:x:x/0:Wildcard:id=0]: Allocation Phase=Relay
[32456:35876:0909/162524.322:INFO:third_party\webrtc\p2p\client\basic_port_allocator.cc:1409] Net[any:0.0.0.x/0:Wildcard:id=0]: Allocation Phase=Tcp
[32456:35876:0909/162524.322:INFO:third_party\webrtc\p2p\base\port.cc:149] Port[3aafc00::1:0:host:Net[any:0.0.0.x/0:Wildcard:id=0]]: Port created with network cost 999
[32456:35876:0909/162524.322:INFO:third_party\webrtc\p2p\client\basic_port_allocator.cc:923] Adding allocated port for 0
[32456:35876:0909/162524.322:INFO:third_party\webrtc\p2p\client\basic_port_allocator.cc:943] Port[3aafc00:0:1:0:host:Net[any:0.0.0.x/0:Wildcard:id=0]]: Added port to allocator
[32456:35876:0909/162524.322:INFO:third_party\webrtc\p2p\base\tcp_port.cc:184] Port[3aafc00:0:1:0:host:Net[any:0.0.0.x/0:Wildcard:id=0]]: Not listening due to firewall restrictions.
[32456:35876:0909/162524.322:INFO:third_party\webrtc\p2p\client\basic_port_allocator.cc:1409] Net[any:0:0:0:x:x:x:x:x/0:Wildcard:id=0]: Allocation Phase=Tcp
[32456:35876:0909/162524.322:INFO:third_party\webrtc\p2p\base\port.cc:149] Port[3aaf800::1:0:host:Net[any:0:0:0:x:x:x:x:x/0:Wildcard:id=0]]: Port created with network cost 999
[32456:35876:0909/162524.322:INFO:third_party\webrtc\p2p\client\basic_port_allocator.cc:923] Adding allocated port for 0
[32456:35876:0909/162524.322:INFO:third_party\webrtc\p2p\client\basic_port_allocator.cc:943] Port[3aaf800:0:1:0:host:Net[any:0:0:0:x:x:x:x:x/0:Wildcard:id=0]]: Added port to allocator
[32456:35876:0909/162524.322:INFO:third_party\webrtc\p2p\base\tcp_port.cc:184] Port[3aaf800:0:1:0:host:Net[any:0:0:0:x:x:x:x:x/0:Wildcard:id=0]]: Not listening due to firewall restrictions.
[32456:35876:0909/162524.325:INFO:third_party\webrtc\p2p\client\basic_port_allocator.cc:960] Port[3aafc00:0:1:0:host:Net[any:0.0.0.x/0:Wildcard:id=0]]: Gathered candidate: Cand[:2185091471:1:tcp:1509957375:614b3939-2776-4332-8593-691f8919c737.local:9:host::0:vzTi:W2sMCSFYmHpWmvz2uIQPI7z9:0:999:0]
[32456:35876:0909/162524.325:INFO:third_party\webrtc\p2p\client\basic_port_allocator.cc:993] Port[3aafc00:0:1:0:host:Net[any:0.0.0.x/0:Wildcard:id=0]]: Port ready.
[32456:35876:0909/162524.325:INFO:third_party\webrtc\p2p\client\basic_port_allocator.cc:1004] Discarding candidate because it doesn't match filter.
[32456:35876:0909/162524.325:INFO:third_party\webrtc\p2p\client\basic_port_allocator.cc:1105] Port[3aafc00:0:1:0:host:Net[any:0.0.0.x/0:Wildcard:id=0]]: Port completed gathering candidates.
[32456:35876:0909/162524.325:INFO:third_party\webrtc\p2p\client\basic_port_allocator.cc:960] Port[3aaf800:0:1:0:host:Net[any:0:0:0:x:x:x:x:x/0:Wildcard:id=0]]: Gathered candidate: Cand[:2266119540:1:tcp:1509949951:0a94c6f7-e73d-4b8c-a910-8b00edda53b4.local:9:host::0:vzTi:W2sMCSFYmHpWmvz2uIQPI7z9:0:999:0]
[32456:35876:0909/162524.325:INFO:third_party\webrtc\p2p\client\basic_port_allocator.cc:993] Port[3aaf800:0:1:0:host:Net[any:0:0:0:x:x:x:x:x/0:Wildcard:id=0]]: Port ready.
[32456:35876:0909/162524.325:INFO:third_party\webrtc\p2p\client\basic_port_allocator.cc:1004] Discarding candidate because it doesn't match filter.
[32456:35876:0909/162524.325:INFO:third_party\webrtc\p2p\client\basic_port_allocator.cc:1105] Port[3aaf800:0:1:0:host:Net[any:0:0:0:x:x:x:x:x/0:Wildcard:id=0]]: Port completed gathering candidates.
[32456:35876:0909/162524.325:INFO:third_party\webrtc\p2p\client\basic_port_allocator.cc:1179] All candidates gathered for 0:1:0
[32456:35876:0909/162524.325:INFO:third_party\webrtc\p2p\base\p2p_transport_channel.cc:970] P2PTransportChannel: 0, component 1 gathering complete
[2728:34900:0909/162524.351:INFO:CONSOLE:2] "Error", source: https://client.protechts.net/PXdOjV695v/main.min.js (2)
[22764:29096:0909/162524.429:INFO:third_party\webrtc\rtc_base\cpu_info.cc:75] Available number of cores: 28
[2728:34900:0909/162524.487:INFO:CONSOLE:10] "[object XMLHttpRequest]", source: https://static.licdn.com/sc/h/p0fkq7oow7vq97l1h9wa7r44 (10)
[24416:26672:0909/162524.663:WARNING:net\extras\sqlite\sqlite_persistent_store_backend_base.cc:176] Failed to post task from FlushAndNotifyInBackground@net\extras\sqlite\sqlite_persistent_store_backend_base.cc:226 to client_task_runner_.
[24416:26672:0909/162524.663:WARNING:net\extras\sqlite\sqlite_persistent_store_backend_base.cc:176] Failed to post task from FlushAndNotifyInBackground@net\extras\sqlite\sqlite_persistent_store_backend_base.cc:226 to client_task_runner_.
